ERROR - 2024-01-02 00:01:33 --> [Microsoft][ODBC Driver 17 for SQL Server][SQL Server]Column, parameter, or variable #3: Cannot find data type VACHAR.
ERROR - 2024-01-02 00:14:48 --> [Microsoft][ODBC Driver 17 for SQL Server][SQL Server]Invalid column name 'user_task'.
CRITICAL - 2024-01-02 00:14:48 --> CodeIgniter\Database\Exceptions\DatabaseException: [Microsoft][ODBC Driver 17 for SQL Server][SQL Server]Invalid column name 'user_task'.
in SYSTEMPATH\Database\BaseConnection.php on line 647.
 1 SYSTEMPATH\Database\BaseBuilder.php(2302): CodeIgniter\Database\BaseConnection->query('INSERT INTO "TaskManagement"."dbo"."tasks" ("title","description","status","user_task") VALUES (:title:, :description:, :status:, :user_task:)', [...], false)
 2 SYSTEMPATH\Model.php(326): CodeIgniter\Database\BaseBuilder->insert()
 3 SYSTEMPATH\BaseModel.php(802): CodeIgniter\Model->doInsert([...])
 4 SYSTEMPATH\Model.php(744): CodeIgniter\BaseModel->insert([...], true)
 5 APPPATH\Controllers\TaskController.php(36): CodeIgniter\Model->insert(Object(stdClass))
 6 SYSTEMPATH\CodeIgniter.php(941): App\Controllers\TaskController->create()
 7 SYSTEMPATH\CodeIgniter.php(502): CodeIgniter\CodeIgniter->runController(Object(App\Controllers\TaskController))
 8 SYSTEMPATH\CodeIgniter.php(361): CodeIgniter\CodeIgniter->handleRequest(null, Object(Config\Cache), false)
 9 FCPATH\index.php(79): CodeIgniter\CodeIgniter->run()
10 SYSTEMPATH\Commands\Server\rewrite.php(47): require_once('C:\\xampp\\htdocs\\Codeigniter\\public\\index.php')
CRITICAL - 2024-01-02 00:14:48 --> [Caused by] CodeIgniter\Database\Exceptions\DatabaseException: [Microsoft][ODBC Driver 17 for SQL Server][SQL Server]Invalid column name 'user_task'.
in SYSTEMPATH\Database\SQLSRV\Connection.php on line 482.
 1 SYSTEMPATH\Database\BaseConnection.php(693): CodeIgniter\Database\SQLSRV\Connection->execute('INSERT INTO "TaskManagement"."dbo"."tasks" ("title","description","status","user_task") VALUES (\'tarea\', \'description\', \'en proceso\', 1)')
 2 SYSTEMPATH\Database\BaseConnection.php(607): CodeIgniter\Database\BaseConnection->simpleQuery('INSERT INTO "TaskManagement"."dbo"."tasks" ("title","description","status","user_task") VALUES (\'tarea\', \'description\', \'en proceso\', 1)')
 3 SYSTEMPATH\Database\BaseBuilder.php(2302): CodeIgniter\Database\BaseConnection->query('INSERT INTO "TaskManagement"."dbo"."tasks" ("title","description","status","user_task") VALUES (:title:, :description:, :status:, :user_task:)', [...], false)
 4 SYSTEMPATH\Model.php(326): CodeIgniter\Database\BaseBuilder->insert()
 5 SYSTEMPATH\BaseModel.php(802): CodeIgniter\Model->doInsert([...])
 6 SYSTEMPATH\Model.php(744): CodeIgniter\BaseModel->insert([...], true)
 7 APPPATH\Controllers\TaskController.php(36): CodeIgniter\Model->insert(Object(stdClass))
 8 SYSTEMPATH\CodeIgniter.php(941): App\Controllers\TaskController->create()
 9 SYSTEMPATH\CodeIgniter.php(502): CodeIgniter\CodeIgniter->runController(Object(App\Controllers\TaskController))
10 SYSTEMPATH\CodeIgniter.php(361): CodeIgniter\CodeIgniter->handleRequest(null, Object(Config\Cache), false)
11 FCPATH\index.php(79): CodeIgniter\CodeIgniter->run()
12 SYSTEMPATH\Commands\Server\rewrite.php(47): require_once('C:\\xampp\\htdocs\\Codeigniter\\public\\index.php')
CRITICAL - 2024-01-02 01:31:50 --> Error: Call to undefined method CodeIgniter\HTTP\Response::to()
in APPPATH\Controllers\UserApiController.php on line 73.
 1 SYSTEMPATH\CodeIgniter.php(941): App\Controllers\UserApiController->login()
 2 SYSTEMPATH\CodeIgniter.php(502): CodeIgniter\CodeIgniter->runController(Object(App\Controllers\UserApiController))
 3 SYSTEMPATH\CodeIgniter.php(361): CodeIgniter\CodeIgniter->handleRequest(null, Object(Config\Cache), false)
 4 FCPATH\index.php(79): CodeIgniter\CodeIgniter->run()
 5 SYSTEMPATH\Commands\Server\rewrite.php(47): require_once('C:\\xampp\\htdocs\\Codeigniter\\public\\index.php')
CRITICAL - 2024-01-02 01:47:32 --> ValueError: mb_http_input(): Argument #1 ($type) must be one of "G", "P", "C", "S", "I", or "L"
in APPPATH\Controllers\ViewController.php on line 13.
 1 APPPATH\Controllers\ViewController.php(13): mb_http_input('api/get-tasks')
 2 SYSTEMPATH\CodeIgniter.php(941): App\Controllers\ViewController->login()
 3 SYSTEMPATH\CodeIgniter.php(502): CodeIgniter\CodeIgniter->runController(Object(App\Controllers\ViewController))
 4 SYSTEMPATH\CodeIgniter.php(361): CodeIgniter\CodeIgniter->handleRequest(null, Object(Config\Cache), false)
 5 FCPATH\index.php(79): CodeIgniter\CodeIgniter->run()
 6 SYSTEMPATH\Commands\Server\rewrite.php(47): require_once('C:\\xampp\\htdocs\\Codeigniter\\public\\index.php')
WARNING - 2024-01-02 02:02:49 --> Routes file not found: "C:\xampp\htdocs\Codeigniter\app\Config/Routes.php"
WARNING - 2024-01-02 02:02:51 --> Routes file not found: "C:\xampp\htdocs\Codeigniter\app\Config/Routes.php"
ERROR - 2024-01-02 02:46:16 --> [Microsoft][ODBC Driver 17 for SQL Server][SQL Server]Cannot insert the value NULL into column 'updated_at', table 'TaskManagement.dbo.users'; column does not allow nulls. INSERT fails.
CRITICAL - 2024-01-02 02:46:16 --> CodeIgniter\Database\Exceptions\DatabaseException: [Microsoft][ODBC Driver 17 for SQL Server][SQL Server]Cannot insert the value NULL into column 'updated_at', table 'TaskManagement.dbo.users'; column does not allow nulls. INSERT fails.
in SYSTEMPATH\Database\BaseConnection.php on line 647.
 1 SYSTEMPATH\Database\BaseBuilder.php(2302): CodeIgniter\Database\BaseConnection->query('INSERT INTO "TaskManagement"."dbo"."users" ("name","email","password") VALUES (:name:, :email:, :password:)', [...], false)
 2 SYSTEMPATH\Model.php(326): CodeIgniter\Database\BaseBuilder->insert()
 3 SYSTEMPATH\BaseModel.php(802): CodeIgniter\Model->doInsert([...])
 4 SYSTEMPATH\Model.php(744): CodeIgniter\BaseModel->insert([...], false)
 5 SYSTEMPATH\BaseModel.php(713): CodeIgniter\Model->insert([...], false)
 6 APPPATH\Controllers\UserApiController.php(30): CodeIgniter\BaseModel->save([...])
 7 SYSTEMPATH\CodeIgniter.php(941): App\Controllers\UserApiController->create()
 8 SYSTEMPATH\CodeIgniter.php(502): CodeIgniter\CodeIgniter->runController(Object(App\Controllers\UserApiController))
 9 SYSTEMPATH\CodeIgniter.php(361): CodeIgniter\CodeIgniter->handleRequest(null, Object(Config\Cache), false)
10 FCPATH\index.php(79): CodeIgniter\CodeIgniter->run()
11 SYSTEMPATH\Commands\Server\rewrite.php(47): require_once('C:\\xampp\\htdocs\\Codeigniter\\public\\index.php')
CRITICAL - 2024-01-02 02:46:16 --> [Caused by] CodeIgniter\Database\Exceptions\DatabaseException: [Microsoft][ODBC Driver 17 for SQL Server][SQL Server]Cannot insert the value NULL into column 'updated_at', table 'TaskManagement.dbo.users'; column does not allow nulls. INSERT fails.
in SYSTEMPATH\Database\SQLSRV\Connection.php on line 482.
 1 SYSTEMPATH\Database\BaseConnection.php(693): CodeIgniter\Database\SQLSRV\Connection->execute('INSERT INTO "TaskManagement"."dbo"."users" ("name","email","password") VALUES (\'mok\', \'mok@gmail.com\', \'$2y$10$8SPUmnSztPKjiBA./VlpF.NrgBIn3CCWyWhcXeZg2gQBDbzEtHKp.\')')
 2 SYSTEMPATH\Database\BaseConnection.php(607): CodeIgniter\Database\BaseConnection->simpleQuery('INSERT INTO "TaskManagement"."dbo"."users" ("name","email","password") VALUES (\'mok\', \'mok@gmail.com\', \'$2y$10$8SPUmnSztPKjiBA./VlpF.NrgBIn3CCWyWhcXeZg2gQBDbzEtHKp.\')')
 3 SYSTEMPATH\Database\BaseBuilder.php(2302): CodeIgniter\Database\BaseConnection->query('INSERT INTO "TaskManagement"."dbo"."users" ("name","email","password") VALUES (:name:, :email:, :password:)', [...], false)
 4 SYSTEMPATH\Model.php(326): CodeIgniter\Database\BaseBuilder->insert()
 5 SYSTEMPATH\BaseModel.php(802): CodeIgniter\Model->doInsert([...])
 6 SYSTEMPATH\Model.php(744): CodeIgniter\BaseModel->insert([...], false)
 7 SYSTEMPATH\BaseModel.php(713): CodeIgniter\Model->insert([...], false)
 8 APPPATH\Controllers\UserApiController.php(30): CodeIgniter\BaseModel->save([...])
 9 SYSTEMPATH\CodeIgniter.php(941): App\Controllers\UserApiController->create()
10 SYSTEMPATH\CodeIgniter.php(502): CodeIgniter\CodeIgniter->runController(Object(App\Controllers\UserApiController))
11 SYSTEMPATH\CodeIgniter.php(361): CodeIgniter\CodeIgniter->handleRequest(null, Object(Config\Cache), false)
12 FCPATH\index.php(79): CodeIgniter\CodeIgniter->run()
13 SYSTEMPATH\Commands\Server\rewrite.php(47): require_once('C:\\xampp\\htdocs\\Codeigniter\\public\\index.php')
WARNING - 2024-01-02 02:59:51 --> [DEPRECATED] Creation of dynamic property App\Controllers\UserApiController::$model is deprecated in APPPATH\Controllers\UserApiController.php on line 14.
 1 SYSTEMPATH\CodeIgniter.php(913): App\Controllers\UserApiController->__construct()
 2 SYSTEMPATH\CodeIgniter.php(493): CodeIgniter\CodeIgniter->createController()
 3 SYSTEMPATH\CodeIgniter.php(361): CodeIgniter\CodeIgniter->handleRequest(null, Object(Config\Cache), false)
 4 FCPATH\index.php(79): CodeIgniter\CodeIgniter->run()
 5 SYSTEMPATH\Commands\Server\rewrite.php(47): require_once('C:\\xampp\\htdocs\\Codeigniter\\public\\index.php')
ERROR - 2024-01-02 02:59:52 --> [Microsoft][ODBC Driver 17 for SQL Server][SQL Server]Cannot insert the value NULL into column 'updated_at', table 'TaskManagement.dbo.users'; column does not allow nulls. INSERT fails.
CRITICAL - 2024-01-02 02:59:52 --> CodeIgniter\Database\Exceptions\DatabaseException: [Microsoft][ODBC Driver 17 for SQL Server][SQL Server]Cannot insert the value NULL into column 'updated_at', table 'TaskManagement.dbo.users'; column does not allow nulls. INSERT fails.
in SYSTEMPATH\Database\BaseConnection.php on line 647.
 1 SYSTEMPATH\Database\BaseBuilder.php(2302): CodeIgniter\Database\BaseConnection->query('INSERT INTO "TaskManagement"."dbo"."users" ("name","email","password") VALUES (:name:, :email:, :password:)', [...], false)
 2 SYSTEMPATH\Model.php(326): CodeIgniter\Database\BaseBuilder->insert()
 3 SYSTEMPATH\BaseModel.php(802): CodeIgniter\Model->doInsert([...])
 4 SYSTEMPATH\Model.php(744): CodeIgniter\BaseModel->insert([...], false)
 5 SYSTEMPATH\BaseModel.php(713): CodeIgniter\Model->insert([...], false)
 6 APPPATH\Controllers\UserApiController.php(35): CodeIgniter\BaseModel->save([...])
 7 SYSTEMPATH\CodeIgniter.php(941): App\Controllers\UserApiController->create()
 8 SYSTEMPATH\CodeIgniter.php(502): CodeIgniter\CodeIgniter->runController(Object(App\Controllers\UserApiController))
 9 SYSTEMPATH\CodeIgniter.php(361): CodeIgniter\CodeIgniter->handleRequest(null, Object(Config\Cache), false)
10 FCPATH\index.php(79): CodeIgniter\CodeIgniter->run()
11 SYSTEMPATH\Commands\Server\rewrite.php(47): require_once('C:\\xampp\\htdocs\\Codeigniter\\public\\index.php')
CRITICAL - 2024-01-02 02:59:52 --> [Caused by] CodeIgniter\Database\Exceptions\DatabaseException: [Microsoft][ODBC Driver 17 for SQL Server][SQL Server]Cannot insert the value NULL into column 'updated_at', table 'TaskManagement.dbo.users'; column does not allow nulls. INSERT fails.
in SYSTEMPATH\Database\SQLSRV\Connection.php on line 482.
 1 SYSTEMPATH\Database\BaseConnection.php(693): CodeIgniter\Database\SQLSRV\Connection->execute('INSERT INTO "TaskManagement"."dbo"."users" ("name","email","password") VALUES (\'mok\', \'mok@gmail.com\', \'$2y$10$FjKBZzM4OLDfmFx0fYLKe.FzEQLa1hazbkbStX0CnfxQ0K9xV28Ze\')')
 2 SYSTEMPATH\Database\BaseConnection.php(607): CodeIgniter\Database\BaseConnection->simpleQuery('INSERT INTO "TaskManagement"."dbo"."users" ("name","email","password") VALUES (\'mok\', \'mok@gmail.com\', \'$2y$10$FjKBZzM4OLDfmFx0fYLKe.FzEQLa1hazbkbStX0CnfxQ0K9xV28Ze\')')
 3 SYSTEMPATH\Database\BaseBuilder.php(2302): CodeIgniter\Database\BaseConnection->query('INSERT INTO "TaskManagement"."dbo"."users" ("name","email","password") VALUES (:name:, :email:, :password:)', [...], false)
 4 SYSTEMPATH\Model.php(326): CodeIgniter\Database\BaseBuilder->insert()
 5 SYSTEMPATH\BaseModel.php(802): CodeIgniter\Model->doInsert([...])
 6 SYSTEMPATH\Model.php(744): CodeIgniter\BaseModel->insert([...], false)
 7 SYSTEMPATH\BaseModel.php(713): CodeIgniter\Model->insert([...], false)
 8 APPPATH\Controllers\UserApiController.php(35): CodeIgniter\BaseModel->save([...])
 9 SYSTEMPATH\CodeIgniter.php(941): App\Controllers\UserApiController->create()
10 SYSTEMPATH\CodeIgniter.php(502): CodeIgniter\CodeIgniter->runController(Object(App\Controllers\UserApiController))
11 SYSTEMPATH\CodeIgniter.php(361): CodeIgniter\CodeIgniter->handleRequest(null, Object(Config\Cache), false)
12 FCPATH\index.php(79): CodeIgniter\CodeIgniter->run()
13 SYSTEMPATH\Commands\Server\rewrite.php(47): require_once('C:\\xampp\\htdocs\\Codeigniter\\public\\index.php')
WARNING - 2024-01-02 03:00:12 --> [DEPRECATED] Creation of dynamic property App\Controllers\UserApiController::$model is deprecated in APPPATH\Controllers\UserApiController.php on line 14.
 1 SYSTEMPATH\CodeIgniter.php(913): App\Controllers\UserApiController->__construct()
 2 SYSTEMPATH\CodeIgniter.php(493): CodeIgniter\CodeIgniter->createController()
 3 SYSTEMPATH\CodeIgniter.php(361): CodeIgniter\CodeIgniter->handleRequest(null, Object(Config\Cache), false)
 4 FCPATH\index.php(79): CodeIgniter\CodeIgniter->run()
 5 SYSTEMPATH\Commands\Server\rewrite.php(47): require_once('C:\\xampp\\htdocs\\Codeigniter\\public\\index.php')
ERROR - 2024-01-02 03:00:12 --> [Microsoft][ODBC Driver 17 for SQL Server][SQL Server]Cannot insert the value NULL into column 'updated_at', table 'TaskManagement.dbo.users'; column does not allow nulls. INSERT fails.
CRITICAL - 2024-01-02 03:00:12 --> CodeIgniter\Database\Exceptions\DatabaseException: [Microsoft][ODBC Driver 17 for SQL Server][SQL Server]Cannot insert the value NULL into column 'updated_at', table 'TaskManagement.dbo.users'; column does not allow nulls. INSERT fails.
in SYSTEMPATH\Database\BaseConnection.php on line 647.
 1 SYSTEMPATH\Database\BaseBuilder.php(2302): CodeIgniter\Database\BaseConnection->query('INSERT INTO "TaskManagement"."dbo"."users" ("name","email","password") VALUES (:name:, :email:, :password:)', [...], false)
 2 SYSTEMPATH\Model.php(326): CodeIgniter\Database\BaseBuilder->insert()
 3 SYSTEMPATH\BaseModel.php(802): CodeIgniter\Model->doInsert([...])
 4 SYSTEMPATH\Model.php(744): CodeIgniter\BaseModel->insert([...], false)
 5 SYSTEMPATH\BaseModel.php(713): CodeIgniter\Model->insert([...], false)
 6 APPPATH\Controllers\UserApiController.php(35): CodeIgniter\BaseModel->save([...])
 7 SYSTEMPATH\CodeIgniter.php(941): App\Controllers\UserApiController->create()
 8 SYSTEMPATH\CodeIgniter.php(502): CodeIgniter\CodeIgniter->runController(Object(App\Controllers\UserApiController))
 9 SYSTEMPATH\CodeIgniter.php(361): CodeIgniter\CodeIgniter->handleRequest(null, Object(Config\Cache), false)
10 FCPATH\index.php(79): CodeIgniter\CodeIgniter->run()
11 SYSTEMPATH\Commands\Server\rewrite.php(47): require_once('C:\\xampp\\htdocs\\Codeigniter\\public\\index.php')
CRITICAL - 2024-01-02 03:00:12 --> [Caused by] CodeIgniter\Database\Exceptions\DatabaseException: [Microsoft][ODBC Driver 17 for SQL Server][SQL Server]Cannot insert the value NULL into column 'updated_at', table 'TaskManagement.dbo.users'; column does not allow nulls. INSERT fails.
in SYSTEMPATH\Database\SQLSRV\Connection.php on line 482.
 1 SYSTEMPATH\Database\BaseConnection.php(693): CodeIgniter\Database\SQLSRV\Connection->execute('INSERT INTO "TaskManagement"."dbo"."users" ("name","email","password") VALUES (\'mok\', \'mok@gmail.com\', \'$2y$10$yQ7Ww.3TQQ4cLkomg7oZCOQxf3sK326W9MyYW15mJZU434a6LFixq\')')
 2 SYSTEMPATH\Database\BaseConnection.php(607): CodeIgniter\Database\BaseConnection->simpleQuery('INSERT INTO "TaskManagement"."dbo"."users" ("name","email","password") VALUES (\'mok\', \'mok@gmail.com\', \'$2y$10$yQ7Ww.3TQQ4cLkomg7oZCOQxf3sK326W9MyYW15mJZU434a6LFixq\')')
 3 SYSTEMPATH\Database\BaseBuilder.php(2302): CodeIgniter\Database\BaseConnection->query('INSERT INTO "TaskManagement"."dbo"."users" ("name","email","password") VALUES (:name:, :email:, :password:)', [...], false)
 4 SYSTEMPATH\Model.php(326): CodeIgniter\Database\BaseBuilder->insert()
 5 SYSTEMPATH\BaseModel.php(802): CodeIgniter\Model->doInsert([...])
 6 SYSTEMPATH\Model.php(744): CodeIgniter\BaseModel->insert([...], false)
 7 SYSTEMPATH\BaseModel.php(713): CodeIgniter\Model->insert([...], false)
 8 APPPATH\Controllers\UserApiController.php(35): CodeIgniter\BaseModel->save([...])
 9 SYSTEMPATH\CodeIgniter.php(941): App\Controllers\UserApiController->create()
10 SYSTEMPATH\CodeIgniter.php(502): CodeIgniter\CodeIgniter->runController(Object(App\Controllers\UserApiController))
11 SYSTEMPATH\CodeIgniter.php(361): CodeIgniter\CodeIgniter->handleRequest(null, Object(Config\Cache), false)
12 FCPATH\index.php(79): CodeIgniter\CodeIgniter->run()
13 SYSTEMPATH\Commands\Server\rewrite.php(47): require_once('C:\\xampp\\htdocs\\Codeigniter\\public\\index.php')
WARNING - 2024-01-02 03:01:09 --> [DEPRECATED] Creation of dynamic property App\Controllers\UserApiController::$model is deprecated in APPPATH\Controllers\UserApiController.php on line 14.
 1 SYSTEMPATH\CodeIgniter.php(913): App\Controllers\UserApiController->__construct()
 2 SYSTEMPATH\CodeIgniter.php(493): CodeIgniter\CodeIgniter->createController()
 3 SYSTEMPATH\CodeIgniter.php(361): CodeIgniter\CodeIgniter->handleRequest(null, Object(Config\Cache), false)
 4 FCPATH\index.php(79): CodeIgniter\CodeIgniter->run()
 5 SYSTEMPATH\Commands\Server\rewrite.php(47): require_once('C:\\xampp\\htdocs\\Codeigniter\\public\\index.php')
CRITICAL - 2024-01-02 03:01:10 --> Error: Object of class DateTime could not be converted to string
in SYSTEMPATH\Database\Query.php on line 333.
 1 SYSTEMPATH\Database\Query.php(333): strtr('INSERT INTO "TaskManagement"."dbo"."users" ("name","email","password","created_at","updated_at") VALUES (:name:, :email:, :password:, :created_at:, :updated_at:)', [...])
 2 SYSTEMPATH\Database\Query.php(308): CodeIgniter\Database\Query->matchNamedBinds('INSERT INTO "TaskManagement"."dbo"."users" ("name","email","password","created_at","updated_at") VALUES (:name:, :email:, :password:, :created_at:, :updated_at:)', [...])
 3 SYSTEMPATH\Database\Query.php(159): CodeIgniter\Database\Query->compileBinds()
 4 SYSTEMPATH\Database\BaseConnection.php(607): CodeIgniter\Database\Query->getQuery()
 5 SYSTEMPATH\Database\BaseBuilder.php(2302): CodeIgniter\Database\BaseConnection->query('INSERT INTO "TaskManagement"."dbo"."users" ("name","email","password","created_at","updated_at") VALUES (:name:, :email:, :password:, :created_at:, :updated_at:)', [...], false)
 6 SYSTEMPATH\Model.php(326): CodeIgniter\Database\BaseBuilder->insert()
 7 SYSTEMPATH\BaseModel.php(802): CodeIgniter\Model->doInsert([...])
 8 SYSTEMPATH\Model.php(744): CodeIgniter\BaseModel->insert([...], false)
 9 SYSTEMPATH\BaseModel.php(713): CodeIgniter\Model->insert([...], false)
10 APPPATH\Controllers\UserApiController.php(35): CodeIgniter\BaseModel->save([...])
11 SYSTEMPATH\CodeIgniter.php(941): App\Controllers\UserApiController->create()
12 SYSTEMPATH\CodeIgniter.php(502): CodeIgniter\CodeIgniter->runController(Object(App\Controllers\UserApiController))
13 SYSTEMPATH\CodeIgniter.php(361): CodeIgniter\CodeIgniter->handleRequest(null, Object(Config\Cache), false)
14 FCPATH\index.php(79): CodeIgniter\CodeIgniter->run()
15 SYSTEMPATH\Commands\Server\rewrite.php(47): require_once('C:\\xampp\\htdocs\\Codeigniter\\public\\index.php')
WARNING - 2024-01-02 03:02:55 --> [DEPRECATED] Creation of dynamic property App\Controllers\UserApiController::$model is deprecated in APPPATH\Controllers\UserApiController.php on line 14.
 1 SYSTEMPATH\CodeIgniter.php(913): App\Controllers\UserApiController->__construct()
 2 SYSTEMPATH\CodeIgniter.php(493): CodeIgniter\CodeIgniter->createController()
 3 SYSTEMPATH\CodeIgniter.php(361): CodeIgniter\CodeIgniter->handleRequest(null, Object(Config\Cache), false)
 4 FCPATH\index.php(79): CodeIgniter\CodeIgniter->run()
 5 SYSTEMPATH\Commands\Server\rewrite.php(47): require_once('C:\\xampp\\htdocs\\Codeigniter\\public\\index.php')
CRITICAL - 2024-01-02 03:02:55 --> Error: Object of class DateTime could not be converted to string
in SYSTEMPATH\Database\Query.php on line 333.
 1 SYSTEMPATH\Database\Query.php(333): strtr('INSERT INTO "TaskManagement"."dbo"."users" ("name","email","password","created_at","updated_at") VALUES (:name:, :email:, :password:, :created_at:, :updated_at:)', [...])
 2 SYSTEMPATH\Database\Query.php(308): CodeIgniter\Database\Query->matchNamedBinds('INSERT INTO "TaskManagement"."dbo"."users" ("name","email","password","created_at","updated_at") VALUES (:name:, :email:, :password:, :created_at:, :updated_at:)', [...])
 3 SYSTEMPATH\Database\Query.php(159): CodeIgniter\Database\Query->compileBinds()
 4 SYSTEMPATH\Database\BaseConnection.php(607): CodeIgniter\Database\Query->getQuery()
 5 SYSTEMPATH\Database\BaseBuilder.php(2302): CodeIgniter\Database\BaseConnection->query('INSERT INTO "TaskManagement"."dbo"."users" ("name","email","password","created_at","updated_at") VALUES (:name:, :email:, :password:, :created_at:, :updated_at:)', [...], false)
 6 SYSTEMPATH\Model.php(326): CodeIgniter\Database\BaseBuilder->insert()
 7 SYSTEMPATH\BaseModel.php(802): CodeIgniter\Model->doInsert([...])
 8 SYSTEMPATH\Model.php(744): CodeIgniter\BaseModel->insert([...], false)
 9 SYSTEMPATH\BaseModel.php(713): CodeIgniter\Model->insert([...], false)
10 APPPATH\Controllers\UserApiController.php(35): CodeIgniter\BaseModel->save([...])
11 SYSTEMPATH\CodeIgniter.php(941): App\Controllers\UserApiController->create()
12 SYSTEMPATH\CodeIgniter.php(502): CodeIgniter\CodeIgniter->runController(Object(App\Controllers\UserApiController))
13 SYSTEMPATH\CodeIgniter.php(361): CodeIgniter\CodeIgniter->handleRequest(null, Object(Config\Cache), false)
14 FCPATH\index.php(79): CodeIgniter\CodeIgniter->run()
15 SYSTEMPATH\Commands\Server\rewrite.php(47): require_once('C:\\xampp\\htdocs\\Codeigniter\\public\\index.php')
WARNING - 2024-01-02 03:04:05 --> [DEPRECATED] Creation of dynamic property App\Controllers\UserApiController::$model is deprecated in APPPATH\Controllers\UserApiController.php on line 14.
 1 SYSTEMPATH\CodeIgniter.php(913): App\Controllers\UserApiController->__construct()
 2 SYSTEMPATH\CodeIgniter.php(493): CodeIgniter\CodeIgniter->createController()
 3 SYSTEMPATH\CodeIgniter.php(361): CodeIgniter\CodeIgniter->handleRequest(null, Object(Config\Cache), false)
 4 FCPATH\index.php(79): CodeIgniter\CodeIgniter->run()
 5 SYSTEMPATH\Commands\Server\rewrite.php(47): require_once('C:\\xampp\\htdocs\\Codeigniter\\public\\index.php')
CRITICAL - 2024-01-02 03:04:05 --> Error: Object of class DateTimeZone could not be converted to string
in SYSTEMPATH\Database\Query.php on line 333.
 1 SYSTEMPATH\Database\Query.php(333): strtr('INSERT INTO "TaskManagement"."dbo"."users" ("name","email","password","created_at","updated_at") VALUES (:name:, :email:, :password:, :created_at:, :updated_at:)', [...])
 2 SYSTEMPATH\Database\Query.php(308): CodeIgniter\Database\Query->matchNamedBinds('INSERT INTO "TaskManagement"."dbo"."users" ("name","email","password","created_at","updated_at") VALUES (:name:, :email:, :password:, :created_at:, :updated_at:)', [...])
 3 SYSTEMPATH\Database\Query.php(159): CodeIgniter\Database\Query->compileBinds()
 4 SYSTEMPATH\Database\BaseConnection.php(607): CodeIgniter\Database\Query->getQuery()
 5 SYSTEMPATH\Database\BaseBuilder.php(2302): CodeIgniter\Database\BaseConnection->query('INSERT INTO "TaskManagement"."dbo"."users" ("name","email","password","created_at","updated_at") VALUES (:name:, :email:, :password:, :created_at:, :updated_at:)', [...], false)
 6 SYSTEMPATH\Model.php(326): CodeIgniter\Database\BaseBuilder->insert()
 7 SYSTEMPATH\BaseModel.php(802): CodeIgniter\Model->doInsert([...])
 8 SYSTEMPATH\Model.php(744): CodeIgniter\BaseModel->insert([...], false)
 9 SYSTEMPATH\BaseModel.php(713): CodeIgniter\Model->insert([...], false)
10 APPPATH\Controllers\UserApiController.php(35): CodeIgniter\BaseModel->save([...])
11 SYSTEMPATH\CodeIgniter.php(941): App\Controllers\UserApiController->create()
12 SYSTEMPATH\CodeIgniter.php(502): CodeIgniter\CodeIgniter->runController(Object(App\Controllers\UserApiController))
13 SYSTEMPATH\CodeIgniter.php(361): CodeIgniter\CodeIgniter->handleRequest(null, Object(Config\Cache), false)
14 FCPATH\index.php(79): CodeIgniter\CodeIgniter->run()
15 SYSTEMPATH\Commands\Server\rewrite.php(47): require_once('C:\\xampp\\htdocs\\Codeigniter\\public\\index.php')
WARNING - 2024-01-02 03:06:12 --> [DEPRECATED] Creation of dynamic property App\Controllers\UserApiController::$model is deprecated in APPPATH\Controllers\UserApiController.php on line 14.
 1 SYSTEMPATH\CodeIgniter.php(913): App\Controllers\UserApiController->__construct()
 2 SYSTEMPATH\CodeIgniter.php(493): CodeIgniter\CodeIgniter->createController()
 3 SYSTEMPATH\CodeIgniter.php(361): CodeIgniter\CodeIgniter->handleRequest(null, Object(Config\Cache), false)
 4 FCPATH\index.php(79): CodeIgniter\CodeIgniter->run()
 5 SYSTEMPATH\Commands\Server\rewrite.php(47): require_once('C:\\xampp\\htdocs\\Codeigniter\\public\\index.php')
WARNING - 2024-01-02 03:16:45 --> [DEPRECATED] Creation of dynamic property App\Controllers\UserApiController::$model is deprecated in APPPATH\Controllers\UserApiController.php on line 14.
 1 SYSTEMPATH\CodeIgniter.php(913): App\Controllers\UserApiController->__construct()
 2 SYSTEMPATH\CodeIgniter.php(493): CodeIgniter\CodeIgniter->createController()
 3 SYSTEMPATH\CodeIgniter.php(361): CodeIgniter\CodeIgniter->handleRequest(null, Object(Config\Cache), false)
 4 FCPATH\index.php(79): CodeIgniter\CodeIgniter->run()
 5 SYSTEMPATH\Commands\Server\rewrite.php(47): require_once('C:\\xampp\\htdocs\\Codeigniter\\public\\index.php')
WARNING - 2024-01-02 03:18:13 --> [DEPRECATED] Creation of dynamic property App\Controllers\UserApiController::$model is deprecated in APPPATH\Controllers\UserApiController.php on line 14.
 1 SYSTEMPATH\CodeIgniter.php(913): App\Controllers\UserApiController->__construct()
 2 SYSTEMPATH\CodeIgniter.php(493): CodeIgniter\CodeIgniter->createController()
 3 SYSTEMPATH\CodeIgniter.php(361): CodeIgniter\CodeIgniter->handleRequest(null, Object(Config\Cache), false)
 4 FCPATH\index.php(79): CodeIgniter\CodeIgniter->run()
 5 SYSTEMPATH\Commands\Server\rewrite.php(47): require_once('C:\\xampp\\htdocs\\Codeigniter\\public\\index.php')
ERROR - 2024-01-02 03:18:14 --> [Microsoft][ODBC Driver 17 for SQL Server][SQL Server]Conversion failed when converting date and/or time from character string.
CRITICAL - 2024-01-02 03:18:14 --> CodeIgniter\Database\Exceptions\DatabaseException: [Microsoft][ODBC Driver 17 for SQL Server][SQL Server]Conversion failed when converting date and/or time from character string.
in SYSTEMPATH\Database\BaseConnection.php on line 647.
 1 SYSTEMPATH\Database\BaseBuilder.php(2302): CodeIgniter\Database\BaseConnection->query('INSERT INTO "TaskManagement"."dbo"."users" ("name","email","password","created_at","updated_at") VALUES (:name:, :email:, :password:, :created_at:, :updated_at:)', [...], false)
 2 SYSTEMPATH\Model.php(326): CodeIgniter\Database\BaseBuilder->insert()
 3 SYSTEMPATH\BaseModel.php(802): CodeIgniter\Model->doInsert([...])
 4 SYSTEMPATH\Model.php(744): CodeIgniter\BaseModel->insert([...], false)
 5 SYSTEMPATH\BaseModel.php(713): CodeIgniter\Model->insert([...], false)
 6 APPPATH\Controllers\UserApiController.php(35): CodeIgniter\BaseModel->save([...])
 7 SYSTEMPATH\CodeIgniter.php(941): App\Controllers\UserApiController->create()
 8 SYSTEMPATH\CodeIgniter.php(502): CodeIgniter\CodeIgniter->runController(Object(App\Controllers\UserApiController))
 9 SYSTEMPATH\CodeIgniter.php(361): CodeIgniter\CodeIgniter->handleRequest(null, Object(Config\Cache), false)
10 FCPATH\index.php(79): CodeIgniter\CodeIgniter->run()
11 SYSTEMPATH\Commands\Server\rewrite.php(47): require_once('C:\\xampp\\htdocs\\Codeigniter\\public\\index.php')
CRITICAL - 2024-01-02 03:18:14 --> [Caused by] CodeIgniter\Database\Exceptions\DatabaseException: [Microsoft][ODBC Driver 17 for SQL Server][SQL Server]Conversion failed when converting date and/or time from character string.
in SYSTEMPATH\Database\SQLSRV\Connection.php on line 482.
 1 SYSTEMPATH\Database\BaseConnection.php(693): CodeIgniter\Database\SQLSRV\Connection->execute('INSERT INTO "TaskManagement"."dbo"."users" ("name","email","password","created_at","updated_at") VALUES (\'mok\', \'mok@gmail.com\', \'$2y$10$KZPLRVxa3GTA/.Oi1ZsSueXTyCS.e3ocIxWCr0ZI9xb5iq4Q.6UgW\', \'Tue, 02 Jan 2024 03:18:14\', \'2024-01-02 03:18:14\')')
 2 SYSTEMPATH\Database\BaseConnection.php(607): CodeIgniter\Database\BaseConnection->simpleQuery('INSERT INTO "TaskManagement"."dbo"."users" ("name","email","password","created_at","updated_at") VALUES (\'mok\', \'mok@gmail.com\', \'$2y$10$KZPLRVxa3GTA/.Oi1ZsSueXTyCS.e3ocIxWCr0ZI9xb5iq4Q.6UgW\', \'Tue, 02 Jan 2024 03:18:14\', \'2024-01-02 03:18:14\')')
 3 SYSTEMPATH\Database\BaseBuilder.php(2302): CodeIgniter\Database\BaseConnection->query('INSERT INTO "TaskManagement"."dbo"."users" ("name","email","password","created_at","updated_at") VALUES (:name:, :email:, :password:, :created_at:, :updated_at:)', [...], false)
 4 SYSTEMPATH\Model.php(326): CodeIgniter\Database\BaseBuilder->insert()
 5 SYSTEMPATH\BaseModel.php(802): CodeIgniter\Model->doInsert([...])
 6 SYSTEMPATH\Model.php(744): CodeIgniter\BaseModel->insert([...], false)
 7 SYSTEMPATH\BaseModel.php(713): CodeIgniter\Model->insert([...], false)
 8 APPPATH\Controllers\UserApiController.php(35): CodeIgniter\BaseModel->save([...])
 9 SYSTEMPATH\CodeIgniter.php(941): App\Controllers\UserApiController->create()
10 SYSTEMPATH\CodeIgniter.php(502): CodeIgniter\CodeIgniter->runController(Object(App\Controllers\UserApiController))
11 SYSTEMPATH\CodeIgniter.php(361): CodeIgniter\CodeIgniter->handleRequest(null, Object(Config\Cache), false)
12 FCPATH\index.php(79): CodeIgniter\CodeIgniter->run()
13 SYSTEMPATH\Commands\Server\rewrite.php(47): require_once('C:\\xampp\\htdocs\\Codeigniter\\public\\index.php')
WARNING - 2024-01-02 03:19:03 --> [DEPRECATED] Creation of dynamic property App\Controllers\UserApiController::$model is deprecated in APPPATH\Controllers\UserApiController.php on line 14.
 1 SYSTEMPATH\CodeIgniter.php(913): App\Controllers\UserApiController->__construct()
 2 SYSTEMPATH\CodeIgniter.php(493): CodeIgniter\CodeIgniter->createController()
 3 SYSTEMPATH\CodeIgniter.php(361): CodeIgniter\CodeIgniter->handleRequest(null, Object(Config\Cache), false)
 4 FCPATH\index.php(79): CodeIgniter\CodeIgniter->run()
 5 SYSTEMPATH\Commands\Server\rewrite.php(47): require_once('C:\\xampp\\htdocs\\Codeigniter\\public\\index.php')
WARNING - 2024-01-02 03:19:21 --> [DEPRECATED] Creation of dynamic property App\Controllers\UserApiController::$model is deprecated in APPPATH\Controllers\UserApiController.php on line 14.
 1 SYSTEMPATH\CodeIgniter.php(913): App\Controllers\UserApiController->__construct()
 2 SYSTEMPATH\CodeIgniter.php(493): CodeIgniter\CodeIgniter->createController()
 3 SYSTEMPATH\CodeIgniter.php(361): CodeIgniter\CodeIgniter->handleRequest(null, Object(Config\Cache), false)
 4 FCPATH\index.php(79): CodeIgniter\CodeIgniter->run()
 5 SYSTEMPATH\Commands\Server\rewrite.php(47): require_once('C:\\xampp\\htdocs\\Codeigniter\\public\\index.php')
WARNING - 2024-01-02 03:20:08 --> [DEPRECATED] Creation of dynamic property App\Controllers\UserApiController::$model is deprecated in APPPATH\Controllers\UserApiController.php on line 14.
 1 SYSTEMPATH\CodeIgniter.php(913): App\Controllers\UserApiController->__construct()
 2 SYSTEMPATH\CodeIgniter.php(493): CodeIgniter\CodeIgniter->createController()
 3 SYSTEMPATH\CodeIgniter.php(361): CodeIgniter\CodeIgniter->handleRequest(null, Object(Config\Cache), false)
 4 FCPATH\index.php(79): CodeIgniter\CodeIgniter->run()
 5 SYSTEMPATH\Commands\Server\rewrite.php(47): require_once('C:\\xampp\\htdocs\\Codeigniter\\public\\index.php')
CRITICAL - 2024-01-02 03:20:20 --> Error: Cannot use object of type stdClass as array
in APPPATH\Controllers\TaskController.php on line 28.
 1 SYSTEMPATH\CodeIgniter.php(941): App\Controllers\TaskController->create()
 2 SYSTEMPATH\CodeIgniter.php(502): CodeIgniter\CodeIgniter->runController(Object(App\Controllers\TaskController))
 3 SYSTEMPATH\CodeIgniter.php(361): CodeIgniter\CodeIgniter->handleRequest(null, Object(Config\Cache), false)
 4 FCPATH\index.php(79): CodeIgniter\CodeIgniter->run()
 5 SYSTEMPATH\Commands\Server\rewrite.php(47): require_once('C:\\xampp\\htdocs\\Codeigniter\\public\\index.php')
CRITICAL - 2024-01-02 03:21:53 --> Error: Cannot use object of type stdClass as array
in APPPATH\Controllers\TaskController.php on line 28.
 1 SYSTEMPATH\CodeIgniter.php(941): App\Controllers\TaskController->create()
 2 SYSTEMPATH\CodeIgniter.php(502): CodeIgniter\CodeIgniter->runController(Object(App\Controllers\TaskController))
 3 SYSTEMPATH\CodeIgniter.php(361): CodeIgniter\CodeIgniter->handleRequest(null, Object(Config\Cache), false)
 4 FCPATH\index.php(79): CodeIgniter\CodeIgniter->run()
 5 SYSTEMPATH\Commands\Server\rewrite.php(47): require_once('C:\\xampp\\htdocs\\Codeigniter\\public\\index.php')
CRITICAL - 2024-01-02 03:23:09 --> Error: Cannot use object of type stdClass as array
in APPPATH\Controllers\TaskController.php on line 28.
 1 SYSTEMPATH\CodeIgniter.php(941): App\Controllers\TaskController->create()
 2 SYSTEMPATH\CodeIgniter.php(502): CodeIgniter\CodeIgniter->runController(Object(App\Controllers\TaskController))
 3 SYSTEMPATH\CodeIgniter.php(361): CodeIgniter\CodeIgniter->handleRequest(null, Object(Config\Cache), false)
 4 FCPATH\index.php(79): CodeIgniter\CodeIgniter->run()
 5 SYSTEMPATH\Commands\Server\rewrite.php(47): require_once('C:\\xampp\\htdocs\\Codeigniter\\public\\index.php')
ERROR - 2024-01-02 03:25:28 --> [Microsoft][ODBC Driver 17 for SQL Server][SQL Server]Cannot insert the value NULL into column 'created_at', table 'TaskManagement.dbo.tasks'; column does not allow nulls. INSERT fails.
CRITICAL - 2024-01-02 03:25:28 --> CodeIgniter\Database\Exceptions\DatabaseException: [Microsoft][ODBC Driver 17 for SQL Server][SQL Server]Cannot insert the value NULL into column 'created_at', table 'TaskManagement.dbo.tasks'; column does not allow nulls. INSERT fails.
in SYSTEMPATH\Database\BaseConnection.php on line 647.
 1 SYSTEMPATH\Database\BaseBuilder.php(2302): CodeIgniter\Database\BaseConnection->query('INSERT INTO "TaskManagement"."dbo"."tasks" ("title","description","status","user_tasks") VALUES (:title:, :description:, :status:, :user_tasks:)', [...], false)
 2 SYSTEMPATH\Model.php(326): CodeIgniter\Database\BaseBuilder->insert()
 3 SYSTEMPATH\BaseModel.php(802): CodeIgniter\Model->doInsert([...])
 4 SYSTEMPATH\Model.php(744): CodeIgniter\BaseModel->insert([...], true)
 5 APPPATH\Controllers\TaskController.php(31): CodeIgniter\Model->insert(Object(stdClass))
 6 SYSTEMPATH\CodeIgniter.php(941): App\Controllers\TaskController->create()
 7 SYSTEMPATH\CodeIgniter.php(502): CodeIgniter\CodeIgniter->runController(Object(App\Controllers\TaskController))
 8 SYSTEMPATH\CodeIgniter.php(361): CodeIgniter\CodeIgniter->handleRequest(null, Object(Config\Cache), false)
 9 FCPATH\index.php(79): CodeIgniter\CodeIgniter->run()
10 SYSTEMPATH\Commands\Server\rewrite.php(47): require_once('C:\\xampp\\htdocs\\Codeigniter\\public\\index.php')
CRITICAL - 2024-01-02 03:25:28 --> [Caused by] CodeIgniter\Database\Exceptions\DatabaseException: [Microsoft][ODBC Driver 17 for SQL Server][SQL Server]Cannot insert the value NULL into column 'created_at', table 'TaskManagement.dbo.tasks'; column does not allow nulls. INSERT fails.
in SYSTEMPATH\Database\SQLSRV\Connection.php on line 482.
 1 SYSTEMPATH\Database\BaseConnection.php(693): CodeIgniter\Database\SQLSRV\Connection->execute('INSERT INTO "TaskManagement"."dbo"."tasks" ("title","description","status","user_tasks") VALUES (\'tarea dos\', \'description dos\', \'en proceso\', 7)')
 2 SYSTEMPATH\Database\BaseConnection.php(607): CodeIgniter\Database\BaseConnection->simpleQuery('INSERT INTO "TaskManagement"."dbo"."tasks" ("title","description","status","user_tasks") VALUES (\'tarea dos\', \'description dos\', \'en proceso\', 7)')
 3 SYSTEMPATH\Database\BaseBuilder.php(2302): CodeIgniter\Database\BaseConnection->query('INSERT INTO "TaskManagement"."dbo"."tasks" ("title","description","status","user_tasks") VALUES (:title:, :description:, :status:, :user_tasks:)', [...], false)
 4 SYSTEMPATH\Model.php(326): CodeIgniter\Database\BaseBuilder->insert()
 5 SYSTEMPATH\BaseModel.php(802): CodeIgniter\Model->doInsert([...])
 6 SYSTEMPATH\Model.php(744): CodeIgniter\BaseModel->insert([...], true)
 7 APPPATH\Controllers\TaskController.php(31): CodeIgniter\Model->insert(Object(stdClass))
 8 SYSTEMPATH\CodeIgniter.php(941): App\Controllers\TaskController->create()
 9 SYSTEMPATH\CodeIgniter.php(502): CodeIgniter\CodeIgniter->runController(Object(App\Controllers\TaskController))
10 SYSTEMPATH\CodeIgniter.php(361): CodeIgniter\CodeIgniter->handleRequest(null, Object(Config\Cache), false)
11 FCPATH\index.php(79): CodeIgniter\CodeIgniter->run()
12 SYSTEMPATH\Commands\Server\rewrite.php(47): require_once('C:\\xampp\\htdocs\\Codeigniter\\public\\index.php')
ERROR - 2024-01-02 03:26:26 --> [Microsoft][ODBC Driver 17 for SQL Server][SQL Server]Cannot insert the value NULL into column 'created_at', table 'TaskManagement.dbo.tasks'; column does not allow nulls. INSERT fails.
CRITICAL - 2024-01-02 03:26:26 --> CodeIgniter\Database\Exceptions\DatabaseException: [Microsoft][ODBC Driver 17 for SQL Server][SQL Server]Cannot insert the value NULL into column 'created_at', table 'TaskManagement.dbo.tasks'; column does not allow nulls. INSERT fails.
in SYSTEMPATH\Database\BaseConnection.php on line 647.
 1 SYSTEMPATH\Database\BaseBuilder.php(2302): CodeIgniter\Database\BaseConnection->query('INSERT INTO "TaskManagement"."dbo"."tasks" ("title","description","status","user_tasks") VALUES (:title:, :description:, :status:, :user_tasks:)', [...], false)
 2 SYSTEMPATH\Model.php(326): CodeIgniter\Database\BaseBuilder->insert()
 3 SYSTEMPATH\BaseModel.php(802): CodeIgniter\Model->doInsert([...])
 4 SYSTEMPATH\Model.php(744): CodeIgniter\BaseModel->insert([...], true)
 5 APPPATH\Controllers\TaskController.php(31): CodeIgniter\Model->insert(Object(stdClass))
 6 SYSTEMPATH\CodeIgniter.php(941): App\Controllers\TaskController->create()
 7 SYSTEMPATH\CodeIgniter.php(502): CodeIgniter\CodeIgniter->runController(Object(App\Controllers\TaskController))
 8 SYSTEMPATH\CodeIgniter.php(361): CodeIgniter\CodeIgniter->handleRequest(null, Object(Config\Cache), false)
 9 FCPATH\index.php(79): CodeIgniter\CodeIgniter->run()
10 SYSTEMPATH\Commands\Server\rewrite.php(47): require_once('C:\\xampp\\htdocs\\Codeigniter\\public\\index.php')
CRITICAL - 2024-01-02 03:26:26 --> [Caused by] CodeIgniter\Database\Exceptions\DatabaseException: [Microsoft][ODBC Driver 17 for SQL Server][SQL Server]Cannot insert the value NULL into column 'created_at', table 'TaskManagement.dbo.tasks'; column does not allow nulls. INSERT fails.
in SYSTEMPATH\Database\SQLSRV\Connection.php on line 482.
 1 SYSTEMPATH\Database\BaseConnection.php(693): CodeIgniter\Database\SQLSRV\Connection->execute('INSERT INTO "TaskManagement"."dbo"."tasks" ("title","description","status","user_tasks") VALUES (\'tarea dos\', \'description dos\', \'en proceso\', 7)')
 2 SYSTEMPATH\Database\BaseConnection.php(607): CodeIgniter\Database\BaseConnection->simpleQuery('INSERT INTO "TaskManagement"."dbo"."tasks" ("title","description","status","user_tasks") VALUES (\'tarea dos\', \'description dos\', \'en proceso\', 7)')
 3 SYSTEMPATH\Database\BaseBuilder.php(2302): CodeIgniter\Database\BaseConnection->query('INSERT INTO "TaskManagement"."dbo"."tasks" ("title","description","status","user_tasks") VALUES (:title:, :description:, :status:, :user_tasks:)', [...], false)
 4 SYSTEMPATH\Model.php(326): CodeIgniter\Database\BaseBuilder->insert()
 5 SYSTEMPATH\BaseModel.php(802): CodeIgniter\Model->doInsert([...])
 6 SYSTEMPATH\Model.php(744): CodeIgniter\BaseModel->insert([...], true)
 7 APPPATH\Controllers\TaskController.php(31): CodeIgniter\Model->insert(Object(stdClass))
 8 SYSTEMPATH\CodeIgniter.php(941): App\Controllers\TaskController->create()
 9 SYSTEMPATH\CodeIgniter.php(502): CodeIgniter\CodeIgniter->runController(Object(App\Controllers\TaskController))
10 SYSTEMPATH\CodeIgniter.php(361): CodeIgniter\CodeIgniter->handleRequest(null, Object(Config\Cache), false)
11 FCPATH\index.php(79): CodeIgniter\CodeIgniter->run()
12 SYSTEMPATH\Commands\Server\rewrite.php(47): require_once('C:\\xampp\\htdocs\\Codeigniter\\public\\index.php')
ERROR - 2024-01-02 03:34:30 --> Error connecting to the database: CodeIgniter\Database\Exceptions\DatabaseException: [Microsoft][ODBC Driver 17 for SQL Server][SQL Server]Login failed for user 'sa'. SQLSTATE: 28000, code: 18456
[Microsoft][ODBC Driver 17 for SQL Server][SQL Server]Cannot open database "TaskManagement" requested by the login. The login failed. SQLSTATE: 42000, code: 4060 in C:\xampp\htdocs\Codeigniter\system\Database\SQLSRV\Connection.php:142
Stack trace:
#0 C:\xampp\htdocs\Codeigniter\system\Database\BaseConnection.php(392): CodeIgniter\Database\SQLSRV\Connection->connect(false)
#1 C:\xampp\htdocs\Codeigniter\system\Database\BaseConnection.php(575): CodeIgniter\Database\BaseConnection->initialize()
#2 C:\xampp\htdocs\Codeigniter\system\Database\BaseConnection.php(1410): CodeIgniter\Database\BaseConnection->query('SELECT [TABLE_N...')
#3 C:\xampp\htdocs\Codeigniter\system\Database\BaseConnection.php(1429): CodeIgniter\Database\BaseConnection->listTables()
#4 C:\xampp\htdocs\Codeigniter\system\Database\MigrationRunner.php(757): CodeIgniter\Database\BaseConnection->tableExists('migrations')
#5 C:\xampp\htdocs\Codeigniter\system\Database\MigrationRunner.php(161): CodeIgniter\Database\MigrationRunner->ensureTable()
#6 C:\xampp\htdocs\Codeigniter\system\Commands\Database\Migrate.php(84): CodeIgniter\Database\MigrationRunner->latest(NULL)
#7 C:\xampp\htdocs\Codeigniter\system\CLI\Commands.php(65): CodeIgniter\Commands\Database\Migrate->run(Array)
#8 C:\xampp\htdocs\Codeigniter\system\CLI\Console.php(46): CodeIgniter\CLI\Commands->run('migrate', Array)
#9 C:\xampp\htdocs\Codeigniter\spark(102): CodeIgniter\CLI\Console->run()
#10 {main}
WARNING - 2024-01-02 03:38:00 --> [DEPRECATED] Creation of dynamic property App\Controllers\UserApiController::$model is deprecated in APPPATH\Controllers\UserApiController.php on line 14.
 1 SYSTEMPATH\CodeIgniter.php(913): App\Controllers\UserApiController->__construct()
 2 SYSTEMPATH\CodeIgniter.php(493): CodeIgniter\CodeIgniter->createController()
 3 SYSTEMPATH\CodeIgniter.php(361): CodeIgniter\CodeIgniter->handleRequest(null, Object(Config\Cache), false)
 4 FCPATH\index.php(79): CodeIgniter\CodeIgniter->run()
 5 SYSTEMPATH\Commands\Server\rewrite.php(47): require_once('C:\\xampp\\htdocs\\Codeigniter\\public\\index.php')
WARNING - 2024-01-02 03:38:50 --> [DEPRECATED] Creation of dynamic property App\Controllers\UserApiController::$model is deprecated in APPPATH\Controllers\UserApiController.php on line 14.
 1 SYSTEMPATH\CodeIgniter.php(913): App\Controllers\UserApiController->__construct()
 2 SYSTEMPATH\CodeIgniter.php(493): CodeIgniter\CodeIgniter->createController()
 3 SYSTEMPATH\CodeIgniter.php(361): CodeIgniter\CodeIgniter->handleRequest(null, Object(Config\Cache), false)
 4 FCPATH\index.php(79): CodeIgniter\CodeIgniter->run()
 5 SYSTEMPATH\Commands\Server\rewrite.php(47): require_once('C:\\xampp\\htdocs\\Codeigniter\\public\\index.php')
WARNING - 2024-01-02 03:38:55 --> [DEPRECATED] Creation of dynamic property App\Controllers\UserApiController::$model is deprecated in APPPATH\Controllers\UserApiController.php on line 14.
 1 SYSTEMPATH\CodeIgniter.php(913): App\Controllers\UserApiController->__construct()
 2 SYSTEMPATH\CodeIgniter.php(493): CodeIgniter\CodeIgniter->createController()
 3 SYSTEMPATH\CodeIgniter.php(361): CodeIgniter\CodeIgniter->handleRequest(null, Object(Config\Cache), false)
 4 FCPATH\index.php(79): CodeIgniter\CodeIgniter->run()
 5 SYSTEMPATH\Commands\Server\rewrite.php(47): require_once('C:\\xampp\\htdocs\\Codeigniter\\public\\index.php')
CRITICAL - 2024-01-02 04:02:57 --> UnexpectedValueException: Wrong number of segments
in VENDORPATH\firebase\php-jwt\src\JWT.php on line 109.
 1 APPPATH\Controllers\TaskController.php(119): Firebase\JWT\JWT::decode('hbi', Object(Firebase\JWT\Key))
 2 APPPATH\Controllers\TaskController.php(29): App\Controllers\TaskController->readUser('hbi')
 3 SYSTEMPATH\CodeIgniter.php(941): App\Controllers\TaskController->getTask()
 4 SYSTEMPATH\CodeIgniter.php(502): CodeIgniter\CodeIgniter->runController(Object(App\Controllers\TaskController))
 5 SYSTEMPATH\CodeIgniter.php(361): CodeIgniter\CodeIgniter->handleRequest(null, Object(Config\Cache), false)
 6 FCPATH\index.php(79): CodeIgniter\CodeIgniter->run()
 7 SYSTEMPATH\Commands\Server\rewrite.php(47): require_once('C:\\xampp\\htdocs\\Codeigniter\\public\\index.php')
CRITICAL - 2024-01-02 04:05:37 --> Firebase\JWT\SignatureInvalidException: Signature verification failed
in VENDORPATH\firebase\php-jwt\src\JWT.php on line 150.
 1 APPPATH\Controllers\TaskController.php(124): Firebase\JWT\JWT::decode('eyJ0eXAiOiJKV1QiLCJhbGciOiJIUzI1NiJ9.eyJpc3MiOiJsb2NhbGhvc3QiLCJhdWQiOiJsb2NhbGhvc3QiLCJkYXRhIjp7InVzZXJfaWQiOjIsIm5hbWUiOiJtb2siLCJlbWFpbCI6Im1va0BnbWFpbC5jb20ifX0.A4QjTggDL6ghQ0f90Ci7_ZUnC7QaGhNjZTdX0BG6_nU1', Object(Firebase\JWT\Key))
 2 APPPATH\Controllers\TaskController.php(29): App\Controllers\TaskController->readUser('eyJ0eXAiOiJKV1QiLCJhbGciOiJIUzI1NiJ9.eyJpc3MiOiJsb2NhbGhvc3QiLCJhdWQiOiJsb2NhbGhvc3QiLCJkYXRhIjp7InVzZXJfaWQiOjIsIm5hbWUiOiJtb2siLCJlbWFpbCI6Im1va0BnbWFpbC5jb20ifX0.A4QjTggDL6ghQ0f90Ci7_ZUnC7QaGhNjZTdX0BG6_nU1')
 3 SYSTEMPATH\CodeIgniter.php(941): App\Controllers\TaskController->getTask()
 4 SYSTEMPATH\CodeIgniter.php(502): CodeIgniter\CodeIgniter->runController(Object(App\Controllers\TaskController))
 5 SYSTEMPATH\CodeIgniter.php(361): CodeIgniter\CodeIgniter->handleRequest(null, Object(Config\Cache), false)
 6 FCPATH\index.php(79): CodeIgniter\CodeIgniter->run()
 7 SYSTEMPATH\Commands\Server\rewrite.php(47): require_once('C:\\xampp\\htdocs\\Codeigniter\\public\\index.php')
CRITICAL - 2024-01-02 04:06:06 --> Firebase\JWT\SignatureInvalidException: Signature verification failed
in VENDORPATH\firebase\php-jwt\src\JWT.php on line 150.
 1 APPPATH\Controllers\TaskController.php(124): Firebase\JWT\JWT::decode('eyJhbGciOiJIUzI1NiIsInR5cCI6IkpXVCJ9.eyJzdWIiOiIxMjM0NTY3ODkwIiwibmFtZSI6IkpvaG4gRG9lIiwiaWF0IjoxNTE2MjM5MDIyfQ.SflKxwRJSMeKKF2QT4fwpMeJf36POk6yJV_adQssw5c', Object(Firebase\JWT\Key))
 2 APPPATH\Controllers\TaskController.php(29): App\Controllers\TaskController->readUser('eyJhbGciOiJIUzI1NiIsInR5cCI6IkpXVCJ9.eyJzdWIiOiIxMjM0NTY3ODkwIiwibmFtZSI6IkpvaG4gRG9lIiwiaWF0IjoxNTE2MjM5MDIyfQ.SflKxwRJSMeKKF2QT4fwpMeJf36POk6yJV_adQssw5c')
 3 SYSTEMPATH\CodeIgniter.php(941): App\Controllers\TaskController->getTask()
 4 SYSTEMPATH\CodeIgniter.php(502): CodeIgniter\CodeIgniter->runController(Object(App\Controllers\TaskController))
 5 SYSTEMPATH\CodeIgniter.php(361): CodeIgniter\CodeIgniter->handleRequest(null, Object(Config\Cache), false)
 6 FCPATH\index.php(79): CodeIgniter\CodeIgniter->run()
 7 SYSTEMPATH\Commands\Server\rewrite.php(47): require_once('C:\\xampp\\htdocs\\Codeigniter\\public\\index.php')
WARNING - 2024-01-02 04:08:47 --> [DEPRECATED] Creation of dynamic property App\Controllers\UserApiController::$model is deprecated in APPPATH\Controllers\UserApiController.php on line 14.
 1 SYSTEMPATH\CodeIgniter.php(913): App\Controllers\UserApiController->__construct()
 2 SYSTEMPATH\CodeIgniter.php(493): CodeIgniter\CodeIgniter->createController()
 3 SYSTEMPATH\CodeIgniter.php(361): CodeIgniter\CodeIgniter->handleRequest(null, Object(Config\Cache), false)
 4 FCPATH\index.php(79): CodeIgniter\CodeIgniter->run()
 5 SYSTEMPATH\Commands\Server\rewrite.php(47): require_once('C:\\xampp\\htdocs\\Codeigniter\\public\\index.php')
CRITICAL - 2024-01-02 04:21:31 --> Exception: Token inválido
in APPPATH\Controllers\TaskController.php on line 137.
 1 APPPATH\Controllers\TaskController.php(20): App\Controllers\TaskController->validateToken()
 2 SYSTEMPATH\CodeIgniter.php(941): App\Controllers\TaskController->getTask()
 3 SYSTEMPATH\CodeIgniter.php(502): CodeIgniter\CodeIgniter->runController(Object(App\Controllers\TaskController))
 4 SYSTEMPATH\CodeIgniter.php(361): CodeIgniter\CodeIgniter->handleRequest(null, Object(Config\Cache), false)
 5 FCPATH\index.php(79): CodeIgniter\CodeIgniter->run()
 6 SYSTEMPATH\Commands\Server\rewrite.php(47): require_once('C:\\xampp\\htdocs\\Codeigniter\\public\\index.php')
CRITICAL - 2024-01-02 04:22:10 --> Exception: Token inválido
in APPPATH\Controllers\TaskController.php on line 137.
 1 APPPATH\Controllers\TaskController.php(20): App\Controllers\TaskController->validateToken()
 2 SYSTEMPATH\CodeIgniter.php(941): App\Controllers\TaskController->getTask()
 3 SYSTEMPATH\CodeIgniter.php(502): CodeIgniter\CodeIgniter->runController(Object(App\Controllers\TaskController))
 4 SYSTEMPATH\CodeIgniter.php(361): CodeIgniter\CodeIgniter->handleRequest(null, Object(Config\Cache), false)
 5 FCPATH\index.php(79): CodeIgniter\CodeIgniter->run()
 6 SYSTEMPATH\Commands\Server\rewrite.php(47): require_once('C:\\xampp\\htdocs\\Codeigniter\\public\\index.php')
CRITICAL - 2024-01-02 04:26:02 --> App\Controllers\MiExcepcion: Mensaje de error
in APPPATH\Controllers\TaskController.php on line 139.
 1 APPPATH\Controllers\TaskController.php(21): App\Controllers\TaskController->validateToken()
 2 SYSTEMPATH\CodeIgniter.php(941): App\Controllers\TaskController->getTask()
 3 SYSTEMPATH\CodeIgniter.php(502): CodeIgniter\CodeIgniter->runController(Object(App\Controllers\TaskController))
 4 SYSTEMPATH\CodeIgniter.php(361): CodeIgniter\CodeIgniter->handleRequest(null, Object(Config\Cache), false)
 5 FCPATH\index.php(79): CodeIgniter\CodeIgniter->run()
 6 SYSTEMPATH\Commands\Server\rewrite.php(47): require_once('C:\\xampp\\htdocs\\Codeigniter\\public\\index.php')
CRITICAL - 2024-01-02 04:27:25 --> ErrorException: Token inválido
in APPPATH\Controllers\TaskController.php on line 138.
 1 APPPATH\Controllers\TaskController.php(20): App\Controllers\TaskController->validateToken()
 2 SYSTEMPATH\CodeIgniter.php(941): App\Controllers\TaskController->getTask()
 3 SYSTEMPATH\CodeIgniter.php(502): CodeIgniter\CodeIgniter->runController(Object(App\Controllers\TaskController))
 4 SYSTEMPATH\CodeIgniter.php(361): CodeIgniter\CodeIgniter->handleRequest(null, Object(Config\Cache), false)
 5 FCPATH\index.php(79): CodeIgniter\CodeIgniter->run()
 6 SYSTEMPATH\Commands\Server\rewrite.php(47): require_once('C:\\xampp\\htdocs\\Codeigniter\\public\\index.php')
CRITICAL - 2024-01-02 04:27:30 --> ErrorException: Token inválido
in APPPATH\Controllers\TaskController.php on line 138.
 1 APPPATH\Controllers\TaskController.php(20): App\Controllers\TaskController->validateToken()
 2 SYSTEMPATH\CodeIgniter.php(941): App\Controllers\TaskController->getTask()
 3 SYSTEMPATH\CodeIgniter.php(502): CodeIgniter\CodeIgniter->runController(Object(App\Controllers\TaskController))
 4 SYSTEMPATH\CodeIgniter.php(361): CodeIgniter\CodeIgniter->handleRequest(null, Object(Config\Cache), false)
 5 FCPATH\index.php(79): CodeIgniter\CodeIgniter->run()
 6 SYSTEMPATH\Commands\Server\rewrite.php(47): require_once('C:\\xampp\\htdocs\\Codeigniter\\public\\index.php')
WARNING - 2024-01-02 04:45:57 --> [DEPRECATED] Creation of dynamic property App\Controllers\UserApiController::$model is deprecated in APPPATH\Controllers\UserApiController.php on line 14.
 1 SYSTEMPATH\CodeIgniter.php(913): App\Controllers\UserApiController->__construct()
 2 SYSTEMPATH\CodeIgniter.php(493): CodeIgniter\CodeIgniter->createController()
 3 SYSTEMPATH\CodeIgniter.php(361): CodeIgniter\CodeIgniter->handleRequest(null, Object(Config\Cache), false)
 4 FCPATH\index.php(79): CodeIgniter\CodeIgniter->run()
 5 SYSTEMPATH\Commands\Server\rewrite.php(47): require_once('C:\\xampp\\htdocs\\Codeigniter\\public\\index.php')
